<?xml version="1.0" encoding="UTF-8"?>
<coverage generated="1536323372278" clover="3.2.0">
  <project timestamp="1536323372278" name="All files">
    <metrics statements="2" coveredstatements="0" conditionals="0" coveredconditionals="0" methods="0" coveredmethods="0" elements="2" coveredelements="0" complexity="0" loc="2" ncloc="2" packages="1" files="1" classes="1">
      <file name="parser.js" path="/Users/mustardamus/Code/mustardamus/teil-next/src/controllers/parser.js">
        <metrics statements="2" coveredstatements="0" conditionals="0" coveredconditionals="0" methods="0" coveredmethods="0"/>
        <line num="1" count="0" type="stmt"/>
        <line num="3" count="0" type="stmt"/>
      </file>
    </metrics>
  </project>
</coverage>
